<?xml version="1.0" encoding="UTF-8"?>
<!-- Generated by org.testng.reporters.JUnitXMLReporter -->
<testsuite ignored="0" hostname="LAPTOP-HGGEC2PE" failures="2" tests="3" name="Test1" time="73.756" errors="0" timestamp="2020-03-29T20:17:47 IST">
  <testcase classname="TESTS.Test_Jpet" name="Register_login" time="21.509">
    <failure type="java.lang.NullPointerException">
      <![CDATA[java.lang.NullPointerException
at PAGES.Register_page.unm(Register_page.java:45)
at PAGES.Register_page.do_reg(Register_page.java:196)
at TESTS.Test_Jpet.Register_login(Test_Jpet.java:73)
at java.base/java.util.ArrayList.forEach(ArrayList.java:1507)
... Removed 27 stack frames]]>
    </failure>
  </testcase> <!-- Register_login -->
  <testcase classname="TESTS.Test_Jpet" name="search_secenario" time="8.472"/>
  <testcase classname="TESTS.Test_Jpet" name="adding_product" time="21.165">
    <failure type="org.openqa.selenium.NoSuchElementException" message="Cannot locate an element using xpath=//a[@href=&amp;quot;/cart?add&amp;amp;itemId=EST-2&amp;quot;]
For documentation on this error, please visit: https://www.seleniumhq.org/exceptions/no_such_element.html
Build info: version: &amp;apos;3.141.59&amp;apos;, revision: &amp;apos;e82be7d358&amp;apos;, time: &amp;apos;2018-11-14T08:17:03&amp;apos;
System info: host: &amp;apos;LAPTOP-HGGEC2PE&amp;apos;, ip: &amp;apos;192.168.43.5&amp;apos;, os.name: &amp;apos;Windows 10&amp;apos;, os.arch: &amp;apos;amd64&amp;apos;, os.version: &amp;apos;10.0&amp;apos;, java.version: &amp;apos;13.0.2&amp;apos;
Driver info: driver.version: RemoteWebDriver">
      <![CDATA[org.openqa.selenium.NoSuchElementException: Cannot locate an element using xpath=//a[@href="/cart?add&itemId=EST-2"]
For documentation on this error, please visit: https://www.seleniumhq.org/exceptions/no_such_element.html
Build info: version: '3.141.59', revision: 'e82be7d358', time: '2018-11-14T08:17:03'
System info: host: 'LAPTOP-HGGEC2PE', ip: '192.168.43.5', os.name: 'Windows 10', os.arch: 'amd64', os.version: '10.0', java.version: '13.0.2'
Driver info: driver.version: RemoteWebDriver
at org.openqa.selenium.remote.RemoteWebDriver.findElement(RemoteWebDriver.java:327)
at org.openqa.selenium.remote.RemoteWebDriver.findElementByXPath(RemoteWebDriver.java:428)
at org.openqa.selenium.By$ByXPath.findElement(By.java:353)
at org.openqa.selenium.remote.RemoteWebDriver.findElement(RemoteWebDriver.java:315)
at PAGES.Products_incart.adding(Products_incart.java:15)
at TESTS.Test_Jpet.adding_product(Test_Jpet.java:102)
at java.base/java.util.ArrayList.forEach(ArrayList.java:1507)
... Removed 27 stack frames]]>
    </failure>
  </testcase> <!-- adding_product -->
</testsuite> <!-- Test1 -->
